[2026-05-11T11:28:20.710+0300] {local_task_job_runner.py:123} INFO - ::group::Pre task execution logs
[2026-05-11T11:28:20.727+0300] {taskinstance.py:2631} INFO - Dependencies all met for dep_context=non-requeueable deps ti=<TaskInstance: adstream_pipeline.bronze_ingestion scheduled__2026-05-11T07:00:00+00:00 [queued]>
[2026-05-11T11:28:20.736+0300] {taskinstance.py:2631} INFO - Dependencies all met for dep_context=requeueable deps ti=<TaskInstance: adstream_pipeline.bronze_ingestion scheduled__2026-05-11T07:00:00+00:00 [queued]>
[2026-05-11T11:28:20.736+0300] {taskinstance.py:2884} INFO - Starting attempt 1 of 2
[2026-05-11T11:28:20.748+0300] {taskinstance.py:2907} INFO - Executing <Task(PythonOperator): bronze_ingestion> on 2026-05-11 07:00:00+00:00
[2026-05-11T11:28:20.759+0300] {logging_mixin.py:190} WARNING - /Users/samwelngugi/Documents/adstream/venv/lib/python3.13/site-packages/airflow/task/task_runner/standard_task_runner.py:70 DeprecationWarning: This process (pid=57078) is multi-threaded, use of fork() may lead to deadlocks in the child.
[2026-05-11T11:28:20.762+0300] {standard_task_runner.py:72} INFO - Started process 57084 to run task
[2026-05-11T11:28:20.766+0300] {standard_task_runner.py:104} INFO - Running: ['airflow', 'tasks', 'run', 'adstream_pipeline', 'bronze_ingestion', 'scheduled__2026-05-11T07:00:00+00:00', '--job-id', '2', '--raw', '--subdir', 'DAGS_FOLDER/adstream_pipeline_dag.py', '--cfg-path', '/var/folders/x1/w6p41sqj10d_f29z5v92fn5w0000gn/T/tmpct9j_4_t']
[2026-05-11T11:28:20.771+0300] {standard_task_runner.py:105} INFO - Job 2: Subtask bronze_ingestion
[2026-05-11T11:28:20.797+0300] {task_command.py:467} INFO - Running <TaskInstance: adstream_pipeline.bronze_ingestion scheduled__2026-05-11T07:00:00+00:00 [running]> on host samwels-macbook-air.local
[2026-05-11T11:28:20.827+0300] {taskinstance.py:3157} INFO - Exporting env vars: AIRFLOW_CTX_DAG_OWNER='adstream' AIRFLOW_CTX_DAG_ID='adstream_pipeline' AIRFLOW_CTX_TASK_ID='bronze_ingestion' AIRFLOW_CTX_EXECUTION_DATE='2026-05-11T07:00:00+00:00' AIRFLOW_CTX_TRY_NUMBER='1' AIRFLOW_CTX_DAG_RUN_ID='scheduled__2026-05-11T07:00:00+00:00'
[2026-05-11T11:28:20.827+0300] {taskinstance.py:740} INFO - ::endgroup::
[2026-05-11T11:28:20.838+0300] {adstream_pipeline_dag.py:43} INFO - {"task": "bronze_ingestion", "event": "airflow_task_started", "level": "info", "logger": "adstream_dag", "timestamp": "2026-05-11T08:28:20.838849Z"}
[2026-05-11T11:32:25.612+0300] {bronze_writer.py:77} INFO - {"path": "data/bronze/impressions", "event": "bronze_writer_ready", "level": "info", "logger": "bronze_writer", "timestamp": "2026-05-11T08:32:25.610843Z"}
[2026-05-11T11:32:25.635+0300] {data_generator.py:40} INFO - {"advertisers": 20, "campaigns": 50, "content_items": 100, "event": "data_generator_initialised", "level": "info", "logger": "data_generator", "timestamp": "2026-05-11T08:32:25.635719Z"}
[2026-05-11T11:32:49.646+0300] {bronze_writer.py:130} INFO - {"count": 200, "path": "data/bronze/impressions", "fraud_count": 6, "event": "batch_written_to_bronze", "level": "info", "logger": "bronze_writer", "timestamp": "2026-05-11T08:32:49.644122Z"}
[2026-05-11T11:32:49.732+0300] {adstream_pipeline_dag.py:53} INFO - {"task": "bronze_ingestion", "rows_written": 200, "event": "airflow_task_complete", "level": "info", "logger": "adstream_dag", "timestamp": "2026-05-11T08:32:49.732397Z"}
[2026-05-11T11:32:49.744+0300] {python.py:240} INFO - Done. Returned value was: 200
[2026-05-11T11:32:50.236+0300] {taskinstance.py:349} INFO - ::group::Post task execution logs
[2026-05-11T11:32:50.237+0300] {taskinstance.py:361} INFO - Marking task as SUCCESS. dag_id=adstream_pipeline, task_id=bronze_ingestion, run_id=scheduled__2026-05-11T07:00:00+00:00, execution_date=20260511T070000, start_date=20260511T082820, end_date=20260511T083250
[2026-05-11T11:32:50.293+0300] {local_task_job_runner.py:266} INFO - Task exited with return code 0
[2026-05-11T11:32:50.434+0300] {taskinstance.py:3924} INFO - 1 downstream tasks scheduled from follow-on schedule check
[2026-05-11T11:32:50.437+0300] {local_task_job_runner.py:245} INFO - ::endgroup::
