[2026-05-11T11:33:21.967+0300] {local_task_job_runner.py:123} INFO - ::group::Pre task execution logs
[2026-05-11T11:33:21.995+0300] {taskinstance.py:2631} INFO - Dependencies all met for dep_context=non-requeueable deps ti=<TaskInstance: adstream_pipeline.silver_transformation scheduled__2026-05-11T07:00:00+00:00 [queued]>
[2026-05-11T11:33:22.000+0300] {taskinstance.py:2631} INFO - Dependencies all met for dep_context=requeueable deps ti=<TaskInstance: adstream_pipeline.silver_transformation scheduled__2026-05-11T07:00:00+00:00 [queued]>
[2026-05-11T11:33:22.000+0300] {taskinstance.py:2884} INFO - Starting attempt 1 of 2
[2026-05-11T11:33:22.008+0300] {taskinstance.py:2907} INFO - Executing <Task(PythonOperator): silver_transformation> on 2026-05-11 07:00:00+00:00
[2026-05-11T11:33:22.016+0300] {logging_mixin.py:190} WARNING - /Users/samwelngugi/Documents/adstream/venv/lib/python3.13/site-packages/airflow/task/task_runner/standard_task_runner.py:70 DeprecationWarning: This process (pid=58040) is multi-threaded, use of fork() may lead to deadlocks in the child.
[2026-05-11T11:33:22.020+0300] {standard_task_runner.py:72} INFO - Started process 58049 to run task
[2026-05-11T11:33:22.022+0300] {standard_task_runner.py:104} INFO - Running: ['airflow', 'tasks', 'run', 'adstream_pipeline', 'silver_transformation', 'scheduled__2026-05-11T07:00:00+00:00', '--job-id', '4', '--raw', '--subdir', 'DAGS_FOLDER/adstream_pipeline_dag.py', '--cfg-path', '/var/folders/x1/w6p41sqj10d_f29z5v92fn5w0000gn/T/tmpo6_xk4si']
[2026-05-11T11:33:22.031+0300] {standard_task_runner.py:105} INFO - Job 4: Subtask silver_transformation
[2026-05-11T11:33:22.067+0300] {task_command.py:467} INFO - Running <TaskInstance: adstream_pipeline.silver_transformation scheduled__2026-05-11T07:00:00+00:00 [running]> on host samwels-macbook-air.local
[2026-05-11T11:33:22.107+0300] {taskinstance.py:3157} INFO - Exporting env vars: AIRFLOW_CTX_DAG_OWNER='adstream' AIRFLOW_CTX_DAG_ID='adstream_pipeline' AIRFLOW_CTX_TASK_ID='silver_transformation' AIRFLOW_CTX_EXECUTION_DATE='2026-05-11T07:00:00+00:00' AIRFLOW_CTX_TRY_NUMBER='1' AIRFLOW_CTX_DAG_RUN_ID='scheduled__2026-05-11T07:00:00+00:00'
[2026-05-11T11:33:22.108+0300] {taskinstance.py:740} INFO - ::endgroup::
[2026-05-11T11:33:22.119+0300] {adstream_pipeline_dag.py:67} INFO - {"task": "silver_ingestion", "event": "airflow_task_started", "level": "info", "logger": "adstream_dag", "timestamp": "2026-05-11T08:33:22.119819Z"}
[2026-05-11T11:33:27.748+0300] {user_profiles.py:70} INFO - {"total": 1000, "schema": "StructType([StructField('user_id', StringType(), False), StructField('account_tier', StringType(), False), StructField('registration_country', StringType(), False), StructField('preferred_currency', StringType(), False), StructField('is_verified', BooleanType(), False), StructField('created_at', TimestampType(), False)])", "event": "user_profiles_generated", "level": "info", "logger": "user_profiles", "timestamp": "2026-05-11T08:33:27.747263Z"}
[2026-05-11T11:33:27.765+0300] {silver_ingestion.py:40} INFO - {"event": "silver_pipeline_ready", "level": "info", "logger": "silver_ingestion", "timestamp": "2026-05-11T08:33:27.765891Z"}
[2026-05-11T11:33:27.769+0300] {silver_ingestion.py:104} INFO - {"event": "silver_ingestion_started", "level": "info", "logger": "silver_ingestion", "timestamp": "2026-05-11T08:33:27.769050Z"}
[2026-05-11T11:33:34.441+0300] {silver_ingestion.py:45} INFO - {"rows": 600, "event": "bronze_read", "level": "info", "logger": "silver_ingestion", "timestamp": "2026-05-11T08:33:34.440738Z"}
[2026-05-11T11:33:35.306+0300] {silver_transformer.py:216} INFO - {"input_rows": 600, "event": "silver_transformation_started", "level": "info", "logger": "silver_transformer", "timestamp": "2026-05-11T08:33:35.305572Z"}
[2026-05-11T11:33:38.513+0300] {silver_transformer.py:55} INFO - {"before": 600, "after": 600, "duplicates_removed": 0, "event": "deduplication_complete", "level": "info", "logger": "silver_transformer", "timestamp": "2026-05-11T08:33:38.513212Z"}
[2026-05-11T11:33:39.538+0300] {silver_transformer.py:115} INFO - {"clean": 600, "quarantined": 0, "event": "quality_check_complete", "level": "info", "logger": "silver_transformer", "timestamp": "2026-05-11T08:33:39.537953Z"}
[2026-05-11T11:33:41.404+0300] {silver_transformer.py:166} INFO - {"total": 600, "missing_profiles": 22, "event": "enrichment_complete", "level": "info", "logger": "silver_transformer", "timestamp": "2026-05-11T08:33:41.404421Z"}
[2026-05-11T11:33:45.382+0300] {silver_transformer.py:192} INFO - {"legitimate": 578, "fraud": 22, "fraud_rate": 0.0367, "event": "fraud_split_complete", "level": "info", "logger": "silver_transformer", "timestamp": "2026-05-11T08:33:45.382006Z"}
[2026-05-11T11:33:49.730+0300] {silver_transformer.py:233} INFO - {"legitimate": 578, "fraud": 22, "quarantined": 0, "event": "silver_transformation_complete", "level": "info", "logger": "silver_transformer", "timestamp": "2026-05-11T08:33:49.728421Z"}
[2026-05-11T11:33:49.757+0300] {silver_ingestion.py:64} INFO - {"event": "writing_silver_tables", "level": "info", "logger": "silver_ingestion", "timestamp": "2026-05-11T08:33:49.756992Z"}
[2026-05-11T11:34:01.684+0300] {silver_ingestion.py:73} INFO - {"path": "data/silver/impressions/legitimate", "event": "silver_legitimate_written", "level": "info", "logger": "silver_ingestion", "timestamp": "2026-05-11T08:34:01.677338Z"}
[2026-05-11T11:34:08.042+0300] {silver_ingestion.py:85} INFO - {"path": "data/silver/impressions/fraud", "event": "silver_fraud_written", "level": "info", "logger": "silver_ingestion", "timestamp": "2026-05-11T08:34:08.041040Z"}
[2026-05-11T11:34:11.428+0300] {silver_ingestion.py:117} INFO - {"legitimate": 578, "fraud": 22, "quarantined": 0, "event": "silver_ingestion_complete", "level": "info", "logger": "silver_ingestion", "timestamp": "2026-05-11T08:34:11.427196Z"}
[2026-05-11T11:34:11.434+0300] {adstream_pipeline_dag.py:74} INFO - {"task": "silver_ingestion", "event": "airflow_task_complete", "level": "info", "logger": "adstream_dag", "timestamp": "2026-05-11T08:34:11.433950Z"}
[2026-05-11T11:34:11.448+0300] {python.py:240} INFO - Done. Returned value was: None
[2026-05-11T11:34:11.740+0300] {taskinstance.py:349} INFO - ::group::Post task execution logs
[2026-05-11T11:34:11.744+0300] {taskinstance.py:361} INFO - Marking task as SUCCESS. dag_id=adstream_pipeline, task_id=silver_transformation, run_id=scheduled__2026-05-11T07:00:00+00:00, execution_date=20260511T070000, start_date=20260511T083321, end_date=20260511T083411
[2026-05-11T11:34:11.880+0300] {local_task_job_runner.py:266} INFO - Task exited with return code 0
[2026-05-11T11:34:12.024+0300] {taskinstance.py:3924} INFO - 1 downstream tasks scheduled from follow-on schedule check
[2026-05-11T11:34:12.026+0300] {local_task_job_runner.py:245} INFO - ::endgroup::
