[2026-05-11T11:32:53.838+0300] {local_task_job_runner.py:123} INFO - ::group::Pre task execution logs
[2026-05-11T11:32:53.864+0300] {taskinstance.py:2631} INFO - Dependencies all met for dep_context=non-requeueable deps ti=<TaskInstance: adstream_pipeline.bronze_ingestion manual__2026-05-11T08:28:17.575065+00:00 [queued]>
[2026-05-11T11:32:53.873+0300] {taskinstance.py:2631} INFO - Dependencies all met for dep_context=requeueable deps ti=<TaskInstance: adstream_pipeline.bronze_ingestion manual__2026-05-11T08:28:17.575065+00:00 [queued]>
[2026-05-11T11:32:53.874+0300] {taskinstance.py:2884} INFO - Starting attempt 1 of 2
[2026-05-11T11:32:53.890+0300] {taskinstance.py:2907} INFO - Executing <Task(PythonOperator): bronze_ingestion> on 2026-05-11 08:28:17.575065+00:00
[2026-05-11T11:32:53.906+0300] {logging_mixin.py:190} WARNING - /Users/samwelngugi/Documents/adstream/venv/lib/python3.13/site-packages/airflow/task/task_runner/standard_task_runner.py:70 DeprecationWarning: This process (pid=57882) is multi-threaded, use of fork() may lead to deadlocks in the child.
[2026-05-11T11:32:53.909+0300] {standard_task_runner.py:72} INFO - Started process 57897 to run task
[2026-05-11T11:32:53.914+0300] {standard_task_runner.py:104} INFO - Running: ['airflow', 'tasks', 'run', 'adstream_pipeline', 'bronze_ingestion', 'manual__2026-05-11T08:28:17.575065+00:00', '--job-id', '3', '--raw', '--subdir', 'DAGS_FOLDER/adstream_pipeline_dag.py', '--cfg-path', '/var/folders/x1/w6p41sqj10d_f29z5v92fn5w0000gn/T/tmp47cmpmk2']
[2026-05-11T11:32:53.921+0300] {standard_task_runner.py:105} INFO - Job 3: Subtask bronze_ingestion
[2026-05-11T11:32:53.960+0300] {task_command.py:467} INFO - Running <TaskInstance: adstream_pipeline.bronze_ingestion manual__2026-05-11T08:28:17.575065+00:00 [running]> on host samwels-macbook-air.local
[2026-05-11T11:32:54.008+0300] {taskinstance.py:3157} INFO - Exporting env vars: AIRFLOW_CTX_DAG_OWNER='adstream' AIRFLOW_CTX_DAG_ID='adstream_pipeline' AIRFLOW_CTX_TASK_ID='bronze_ingestion' AIRFLOW_CTX_EXECUTION_DATE='2026-05-11T08:28:17.575065+00:00' AIRFLOW_CTX_TRY_NUMBER='1' AIRFLOW_CTX_DAG_RUN_ID='manual__2026-05-11T08:28:17.575065+00:00'
[2026-05-11T11:32:54.009+0300] {taskinstance.py:740} INFO - ::endgroup::
[2026-05-11T11:32:54.045+0300] {adstream_pipeline_dag.py:43} INFO - {"task": "bronze_ingestion", "event": "airflow_task_started", "level": "info", "logger": "adstream_dag", "timestamp": "2026-05-11T08:32:54.045478Z"}
[2026-05-11T11:32:59.019+0300] {bronze_writer.py:77} INFO - {"path": "data/bronze/impressions", "event": "bronze_writer_ready", "level": "info", "logger": "bronze_writer", "timestamp": "2026-05-11T08:32:59.018900Z"}
[2026-05-11T11:32:59.020+0300] {data_generator.py:40} INFO - {"advertisers": 20, "campaigns": 50, "content_items": 100, "event": "data_generator_initialised", "level": "info", "logger": "data_generator", "timestamp": "2026-05-11T08:32:59.020862Z"}
[2026-05-11T11:33:16.598+0300] {bronze_writer.py:130} INFO - {"count": 200, "path": "data/bronze/impressions", "fraud_count": 11, "event": "batch_written_to_bronze", "level": "info", "logger": "bronze_writer", "timestamp": "2026-05-11T08:33:16.594487Z"}
[2026-05-11T11:33:16.614+0300] {adstream_pipeline_dag.py:53} INFO - {"task": "bronze_ingestion", "rows_written": 200, "event": "airflow_task_complete", "level": "info", "logger": "adstream_dag", "timestamp": "2026-05-11T08:33:16.613841Z"}
[2026-05-11T11:33:16.633+0300] {python.py:240} INFO - Done. Returned value was: 200
[2026-05-11T11:33:16.813+0300] {taskinstance.py:349} INFO - ::group::Post task execution logs
[2026-05-11T11:33:16.814+0300] {taskinstance.py:361} INFO - Marking task as SUCCESS. dag_id=adstream_pipeline, task_id=bronze_ingestion, run_id=manual__2026-05-11T08:28:17.575065+00:00, execution_date=20260511T082817, start_date=20260511T083253, end_date=20260511T083316
[2026-05-11T11:33:16.846+0300] {local_task_job_runner.py:266} INFO - Task exited with return code 0
[2026-05-11T11:33:16.922+0300] {taskinstance.py:3924} INFO - 1 downstream tasks scheduled from follow-on schedule check
[2026-05-11T11:33:16.923+0300] {local_task_job_runner.py:245} INFO - ::endgroup::
