[2026-05-11T11:38:09.515+0300] {local_task_job_runner.py:123} INFO - ::group::Pre task execution logs
[2026-05-11T11:38:09.551+0300] {taskinstance.py:2631} INFO - Dependencies all met for dep_context=non-requeueable deps ti=<TaskInstance: adstream_pipeline.data_quality_check scheduled__2026-05-11T07:00:00+00:00 [queued]>
[2026-05-11T11:38:09.561+0300] {taskinstance.py:2631} INFO - Dependencies all met for dep_context=requeueable deps ti=<TaskInstance: adstream_pipeline.data_quality_check scheduled__2026-05-11T07:00:00+00:00 [queued]>
[2026-05-11T11:38:09.562+0300] {taskinstance.py:2884} INFO - Starting attempt 1 of 2
[2026-05-11T11:38:09.571+0300] {taskinstance.py:2907} INFO - Executing <Task(PythonOperator): data_quality_check> on 2026-05-11 07:00:00+00:00
[2026-05-11T11:38:09.579+0300] {logging_mixin.py:190} WARNING - /Users/samwelngugi/Documents/adstream/venv/lib/python3.13/site-packages/airflow/task/task_runner/standard_task_runner.py:70 DeprecationWarning: This process (pid=59171) is multi-threaded, use of fork() may lead to deadlocks in the child.
[2026-05-11T11:38:09.584+0300] {standard_task_runner.py:72} INFO - Started process 59187 to run task
[2026-05-11T11:38:09.587+0300] {standard_task_runner.py:104} INFO - Running: ['airflow', 'tasks', 'run', 'adstream_pipeline', 'data_quality_check', 'scheduled__2026-05-11T07:00:00+00:00', '--job-id', '8', '--raw', '--subdir', 'DAGS_FOLDER/adstream_pipeline_dag.py', '--cfg-path', '/var/folders/x1/w6p41sqj10d_f29z5v92fn5w0000gn/T/tmpbdy6w5g2']
[2026-05-11T11:38:09.592+0300] {standard_task_runner.py:105} INFO - Job 8: Subtask data_quality_check
[2026-05-11T11:38:09.628+0300] {task_command.py:467} INFO - Running <TaskInstance: adstream_pipeline.data_quality_check scheduled__2026-05-11T07:00:00+00:00 [running]> on host samwels-macbook-air.local
[2026-05-11T11:38:09.685+0300] {taskinstance.py:3157} INFO - Exporting env vars: AIRFLOW_CTX_DAG_OWNER='adstream' AIRFLOW_CTX_DAG_ID='adstream_pipeline' AIRFLOW_CTX_TASK_ID='data_quality_check' AIRFLOW_CTX_EXECUTION_DATE='2026-05-11T07:00:00+00:00' AIRFLOW_CTX_TRY_NUMBER='1' AIRFLOW_CTX_DAG_RUN_ID='scheduled__2026-05-11T07:00:00+00:00'
[2026-05-11T11:38:09.686+0300] {taskinstance.py:740} INFO - ::endgroup::
[2026-05-11T11:38:09.735+0300] {adstream_pipeline_dag.py:100} INFO - {"task": "data_quality", "event": "airflow_task_started", "level": "info", "logger": "adstream_dag", "timestamp": "2026-05-11T08:38:09.735288Z"}
[2026-05-11T11:38:34.901+0300] {adstream_pipeline_dag.py:129} INFO - {"silver_rows": 578, "gold_rows": 40, "fraud_rate": 0.0367, "event": "data_quality_results", "level": "info", "logger": "adstream_dag", "timestamp": "2026-05-11T08:38:34.890558Z"}
[2026-05-11T11:38:34.939+0300] {adstream_pipeline_dag.py:141} INFO - {"task": "data_quality", "event": "data_quality_passed", "level": "info", "logger": "adstream_dag", "timestamp": "2026-05-11T08:38:34.939911Z"}
[2026-05-11T11:38:34.952+0300] {python.py:240} INFO - Done. Returned value was: None
[2026-05-11T11:38:35.131+0300] {taskinstance.py:349} INFO - ::group::Post task execution logs
[2026-05-11T11:38:35.134+0300] {taskinstance.py:361} INFO - Marking task as SUCCESS. dag_id=adstream_pipeline, task_id=data_quality_check, run_id=scheduled__2026-05-11T07:00:00+00:00, execution_date=20260511T070000, start_date=20260511T083809, end_date=20260511T083835
[2026-05-11T11:38:35.181+0300] {local_task_job_runner.py:266} INFO - Task exited with return code 0
[2026-05-11T11:38:35.231+0300] {taskinstance.py:3924} INFO - 0 downstream tasks scheduled from follow-on schedule check
[2026-05-11T11:38:35.232+0300] {local_task_job_runner.py:245} INFO - ::endgroup::
